============================================================
Blaby Bowls Scraper v3 - 2026-04-20 08:50
============================================================

[1/3] Hinckley & District Triples League...
  Blaby A fixtures: https://www.bowlsresultstwo.co.uk/results24/teamfixtures.php?ly=0&f=0&yearid=2026&d=1&t=2&web=hinckley&m=0&leagueid=1
    Blaby A: 7 fixtures
  Blaby B fixtures: https://www.bowlsresultstwo.co.uk/results24/teamfixtures.php?ly=0&f=0&yearid=2026&d=1&t=6&web=hinckley&m=0&leagueid=1
    Blaby B: 7 fixtures
  Blaby C fixtures: https://www.bowlsresultstwo.co.uk/results24/teamfixtures.php?ly=0&f=0&yearid=2026&d=4&t=33&web=hinckley&m=0&leagueid=1
    Blaby C: 7 fixtures
  Hinckley Div 1 table: https://www.bowlsresultstwo.co.uk/results24/tables.php?f=0&d=1&yearid=2026&web=hinckley&m=0&leagueid=1
  Hinckley Div 4 table: https://www.bowlsresultstwo.co.uk/results24/tables.php?f=0&d=4&yearid=2026&web=hinckley&m=0&leagueid=1

[2/3] South Leicestershire Triples League...
  Fetching fixture sheets...
  Fetching Google Sheet CSV: Div 1 Fixtures
    Got 44 rows
    Div 1: 7 Blaby fixtures found
  Fetching Google Sheet CSV: Div 2 Fixtures
    Got 44 rows
    Div 2: 7 Blaby fixtures found
  Fetching Google Sheet CSV: Div 3 Fixtures
    Got 44 rows
    Div 3: 7 Blaby fixtures found
  Fetching Google Sheet CSV: Div 4 Fixtures
    Got 44 rows
    Div 4: no Blaby fixtures
  Fetching Google Sheet CSV: Div 5 Fixtures
    Got 44 rows
    Div 5: no Blaby fixtures
  Fetching Google Sheet CSV: Div 6 Fixtures
    Got 65 rows
    Div 6: no Blaby fixtures
  Fetching results sheet...
  Fetching Google Sheet CSV: Match Results
    Got 650 rows
  Tables: skipping (2026 tables not yet published, using placeholders)
    Total: 21 fixtures, 51 results

[3/3] Leicester Bowls League (Division 1 only)...
  Downloading: Division 1
    DEBUG: 1 table(s), 82 total rows, 10 Blaby rows
    DEBUG: 0 paragraphs
    DEBUG Table 0: 23 cols, header=['29th', '', '', '', '', '', 'Rinks', '', '', '', '', '', '6th', '', '', '', '', '', 'Rinks', '', '', '', ''], 82 rows
      Row 0: ['29th', '', '', '', '', '', 'Rinks', '', '', '', '', '', '6th', '', '', '', '', '', 'Rinks', '', '', '', '']
      Row 1: ['April', '', '', 'Shots', '', 'W', 'D', 'L', '', 'Pts', '', '', 'May', '', '', 'Shots', '', 'W', 'D', 'L', '', 'Pts', '']
      Row 2: ['', '', 'Countesthorpe', '', '', '', '', '', '', '', '', '', '', '', 'Blaby', '', '', '', '', '', '', '', '']
      Row 3: ['', '', 'Westcotes', '', '', '', '', '', '', '', '', '', '', '', 'Birstall', '', '', '', '', '', '', '', '']
      Row 4: ['', '', '', '', '', '', '', '', '', '', '', '', '', '', '', '', '', '', '', '', '', '', '']
      Row 5: ['', '', '', '', '', '', 'Rinks', '', '', '', '', '', '', '', '', '', '', '', 'Rinks', '', '', '', '']
      Row 6: ['', '', '', 'Shots', '', 'W', 'D', 'L', '', 'Pts', '', '', '', '', '', 'Shots', '', 'W', 'D', 'L', '', 'Pts', '']
      Row 7: ['', '', 'Fosseway', '', '', '', '', '', '', '', '', '', '', '', 'Westcotes', '', '', '', '', '', '', '', '']
      Row 8: ['', '', 'Blaby', '', '', '', '', '', '', '', '', '', '', '', 'Fosseway', '', '', '', '', '', '', '', '']
      Row 9: ['', '', '', '', '', '', '', '', '', '', '', '', '', '', '', '', '', '', '', '', '', '', '']
      Row 10: ['', '', '', '', '', '', 'Rinks', '', '', '', '', '', '', '', '', '', '', '', 'Rinks', '', '', '', '']
      Row 11: ['', '', '', 'Shots', '', 'W', 'D', 'L', '', 'Pts', '', '', '', '', '', 'Shots', '', 'W', 'D', 'L', '', 'Pts', '']
      Row 12: ['', '', 'Birstall', '', '', '', '', '', '', '', '', '', '', '', 'Kingscroft', '', '', '', '', '', '', '', '']
      Row 13: ['', '', 'Kingscroft', '', '', '', '', '', '', '', '', '', '', '', 'Countesthorpe', '', '', '', '', '', '', '', '']
      Row 14: ['', '', '', '', '', '', '', '', '', '', '', '', '', '', '', '', '', '', '', '', '', '', '']
      Row 15: ['', '', '', '', '', '', '', '', '', '', '', '', '', '', '', '', '', '', '', '', '', '', '']
      ... (66 more rows)
    Division 1: 10 Blaby rows, 82 total rows
  Downloading: League Tables 2026
    DEBUG: 1 table(s), 35 total rows, 1 Blaby rows
    DEBUG: 0 paragraphs
    DEBUG Table 0: 16 cols, header=['', '', '', '', '', '', '', '', '', '', '', '', '', '', '', ''], 35 rows
      Row 0: ['', '', '', '', '', '', '', '', '', '', '', '', '', '', '', '']
      Row 1: ['', '', '', '', '', '', '', '', '', '', '', '', '', '', '', '']
      Row 2: ['Division 1', '', '', '', '', '', '', '', '', '', '', '', '', '', '', 'Wk 1']
      Row 3: ['', '', '', '', '', '', '', '', 'Rinks', '', '', '', 'Shots', '', '', '']
      Row 4: ['', 'Pld', '', 'W', 'D', 'L', '', 'W', 'D', 'L', '', 'F', 'A', 'Dif', '', 'Pts']
      Row 5: ['Blaby', '', '', '', '', '', '', '', '', '', '', '', '', '0', '', '0']
      Row 6: ['Birstall', '', '', '', '', '', '', '', '', '', '', '', '', '0', '', '0']
      Row 7: ['Countesthorpe', '', '', '', '', '', '', '', '', '', '', '', '', '0', '', '0']
      Row 8: ['Fosseway', '', '', '', '', '', '', '', '', '', '', '', '', '0', '', '0']
      Row 9: ['Kingscroft', '', '', '', '', '', '', '', '', '', '', '', '', '0', '', '0']
      Row 10: ['Westcotes', '', '', '', '', '', '', '', '', '', '', '', '', '0', '', '0']
      Row 11: ['', '', '', '', '', '', '', '', '', '', '', '', '', '', '', '']
      Row 12: ['', '', '', '', '', '', '', '', '', '', '', '', '', '', '', '']
      Row 13: ['Division 2', '', '', '', '', '', '', '', '', '', '', '', '', '', '', '']
      Row 14: ['North', '', '', '', '', '', '', '', '', '', '', '', '', '', '', '']
      Row 15: ['', '', '', '', '', '', '', '', 'Rinks', '', '', '', 'Shots', '', '', '']
      ... (19 more rows)
    League Tables 2026: 1 Blaby rows, 35 total rows

Generating HTML files...
    Leicester table: 82 rows x 23 cols
    Detected 2 column group(s) starting at columns: [0, 12]
    Leicester parsed: 10 Blaby fixtures found
      29th April: Fosseway v Blaby (upcoming)
      6th May: Blaby v Birstall (upcoming)
      13th May: Blaby v Kingscroft (upcoming)
      20th May: Countesthorpe v Blaby (upcoming)
      27th May: Westcotes v Blaby (upcoming)
      10th June: Blaby v Fosseway (upcoming)
      24th June: Birstall v Blaby (upcoming)
      8th July: Kingscroft v Blaby (upcoming)
      22nd July: Blaby v Countesthorpe (upcoming)
      29th July: Blaby v Westcotes (upcoming)
    Leicester table: 82 rows x 23 cols
    Detected 2 column group(s) starting at columns: [0, 12]
    Leicester parsed: 10 Blaby fixtures found
      29th April: Fosseway v Blaby (upcoming)
      6th May: Blaby v Birstall (upcoming)
      13th May: Blaby v Kingscroft (upcoming)
      20th May: Countesthorpe v Blaby (upcoming)
      27th May: Westcotes v Blaby (upcoming)
      10th June: Blaby v Fosseway (upcoming)
      24th June: Birstall v Blaby (upcoming)
      8th July: Kingscroft v Blaby (upcoming)
      22nd July: Blaby v Countesthorpe (upcoming)
      29th July: Blaby v Westcotes (upcoming)
  Written: index.html
  Written: fixtures.html
  Written: results.html
  Written: table-hinckley-div1.html
  Written: table-hinckley-div4.html
  Written: table-south-leics.html
  Written: table-leicester.html

Pushing to GitHub Pages...
  Pushed to GitHub at 2026-04-20 08:50
  Telegram notification sent.

Done! Live at https://andygoodger-svg.github.io/blaby-bowls/
============================================================
============================================================
Blaby Bowls Scraper v3 - 2026-04-20 09:47
============================================================

[1/3] Hinckley & District Triples League...
  Blaby A fixtures: https://www.bowlsresultstwo.co.uk/results24/teamfixtures.php?ly=0&f=0&yearid=2026&d=1&t=2&web=hinckley&m=0&leagueid=1
    Blaby A: 7 fixtures
  Blaby B fixtures: https://www.bowlsresultstwo.co.uk/results24/teamfixtures.php?ly=0&f=0&yearid=2026&d=1&t=6&web=hinckley&m=0&leagueid=1
    Blaby B: 7 fixtures
  Blaby C fixtures: https://www.bowlsresultstwo.co.uk/results24/teamfixtures.php?ly=0&f=0&yearid=2026&d=4&t=33&web=hinckley&m=0&leagueid=1
    Blaby C: 7 fixtures
  Hinckley Div 1 table: https://www.bowlsresultstwo.co.uk/results24/tables.php?f=0&d=1&yearid=2026&web=hinckley&m=0&leagueid=1
  Hinckley Div 4 table: https://www.bowlsresultstwo.co.uk/results24/tables.php?f=0&d=4&yearid=2026&web=hinckley&m=0&leagueid=1

[2/3] South Leicestershire Triples League...
  Fetching fixture sheets...
  Fetching Google Sheet CSV: Div 1 Fixtures
    Got 44 rows
    Div 1: 7 Blaby fixtures found
  Fetching Google Sheet CSV: Div 2 Fixtures
    Got 44 rows
    Div 2: 7 Blaby fixtures found
  Fetching Google Sheet CSV: Div 3 Fixtures
    Got 44 rows
    Div 3: 7 Blaby fixtures found
  Fetching Google Sheet CSV: Div 4 Fixtures
    Got 44 rows
    Div 4: no Blaby fixtures
  Fetching Google Sheet CSV: Div 5 Fixtures
    Got 44 rows
    Div 5: no Blaby fixtures
  Fetching Google Sheet CSV: Div 6 Fixtures
    Got 65 rows
    Div 6: no Blaby fixtures
  Fetching results sheet...
  Fetching Google Sheet CSV: Match Results
    Got 650 rows
  Tables: skipping (2026 tables not yet published, using placeholders)
    Total: 21 fixtures, 51 results

[3/3] Leicester Bowls League (Division 1 only)...
  Downloading: Division 1
    DEBUG: 1 table(s), 82 total rows, 10 Blaby rows
    DEBUG: 0 paragraphs
    DEBUG Table 0: 23 cols, header=['29th', '', '', '', '', '', 'Rinks', '', '', '', '', '', '6th', '', '', '', '', '', 'Rinks', '', '', '', ''], 82 rows
      Row 0: ['29th', '', '', '', '', '', 'Rinks', '', '', '', '', '', '6th', '', '', '', '', '', 'Rinks', '', '', '', '']
      Row 1: ['April', '', '', 'Shots', '', 'W', 'D', 'L', '', 'Pts', '', '', 'May', '', '', 'Shots', '', 'W', 'D', 'L', '', 'Pts', '']
      Row 2: ['', '', 'Countesthorpe', '', '', '', '', '', '', '', '', '', '', '', 'Blaby', '', '', '', '', '', '', '', '']
      Row 3: ['', '', 'Westcotes', '', '', '', '', '', '', '', '', '', '', '', 'Birstall', '', '', '', '', '', '', '', '']
      Row 4: ['', '', '', '', '', '', '', '', '', '', '', '', '', '', '', '', '', '', '', '', '', '', '']
      Row 5: ['', '', '', '', '', '', 'Rinks', '', '', '', '', '', '', '', '', '', '', '', 'Rinks', '', '', '', '']
      Row 6: ['', '', '', 'Shots', '', 'W', 'D', 'L', '', 'Pts', '', '', '', '', '', 'Shots', '', 'W', 'D', 'L', '', 'Pts', '']
      Row 7: ['', '', 'Fosseway', '', '', '', '', '', '', '', '', '', '', '', 'Westcotes', '', '', '', '', '', '', '', '']
      Row 8: ['', '', 'Blaby', '', '', '', '', '', '', '', '', '', '', '', 'Fosseway', '', '', '', '', '', '', '', '']
      Row 9: ['', '', '', '', '', '', '', '', '', '', '', '', '', '', '', '', '', '', '', '', '', '', '']
      Row 10: ['', '', '', '', '', '', 'Rinks', '', '', '', '', '', '', '', '', '', '', '', 'Rinks', '', '', '', '']
      Row 11: ['', '', '', 'Shots', '', 'W', 'D', 'L', '', 'Pts', '', '', '', '', '', 'Shots', '', 'W', 'D', 'L', '', 'Pts', '']
      Row 12: ['', '', 'Birstall', '', '', '', '', '', '', '', '', '', '', '', 'Kingscroft', '', '', '', '', '', '', '', '']
      Row 13: ['', '', 'Kingscroft', '', '', '', '', '', '', '', '', '', '', '', 'Countesthorpe', '', '', '', '', '', '', '', '']
      Row 14: ['', '', '', '', '', '', '', '', '', '', '', '', '', '', '', '', '', '', '', '', '', '', '']
      Row 15: ['', '', '', '', '', '', '', '', '', '', '', '', '', '', '', '', '', '', '', '', '', '', '']
      ... (66 more rows)
    Division 1: 10 Blaby rows, 82 total rows
  Downloading: League Tables 2026
    DEBUG: 1 table(s), 35 total rows, 1 Blaby rows
    DEBUG: 0 paragraphs
    DEBUG Table 0: 16 cols, header=['', '', '', '', '', '', '', '', '', '', '', '', '', '', '', ''], 35 rows
      Row 0: ['', '', '', '', '', '', '', '', '', '', '', '', '', '', '', '']
      Row 1: ['', '', '', '', '', '', '', '', '', '', '', '', '', '', '', '']
      Row 2: ['Division 1', '', '', '', '', '', '', '', '', '', '', '', '', '', '', 'Wk 1']
      Row 3: ['', '', '', '', '', '', '', '', 'Rinks', '', '', '', 'Shots', '', '', '']
      Row 4: ['', 'Pld', '', 'W', 'D', 'L', '', 'W', 'D', 'L', '', 'F', 'A', 'Dif', '', 'Pts']
      Row 5: ['Blaby', '', '', '', '', '', '', '', '', '', '', '', '', '0', '', '0']
      Row 6: ['Birstall', '', '', '', '', '', '', '', '', '', '', '', '', '0', '', '0']
      Row 7: ['Countesthorpe', '', '', '', '', '', '', '', '', '', '', '', '', '0', '', '0']
      Row 8: ['Fosseway', '', '', '', '', '', '', '', '', '', '', '', '', '0', '', '0']
      Row 9: ['Kingscroft', '', '', '', '', '', '', '', '', '', '', '', '', '0', '', '0']
      Row 10: ['Westcotes', '', '', '', '', '', '', '', '', '', '', '', '', '0', '', '0']
      Row 11: ['', '', '', '', '', '', '', '', '', '', '', '', '', '', '', '']
      Row 12: ['', '', '', '', '', '', '', '', '', '', '', '', '', '', '', '']
      Row 13: ['Division 2', '', '', '', '', '', '', '', '', '', '', '', '', '', '', '']
      Row 14: ['North', '', '', '', '', '', '', '', '', '', '', '', '', '', '', '']
      Row 15: ['', '', '', '', '', '', '', '', 'Rinks', '', '', '', 'Shots', '', '', '']
      ... (19 more rows)
    League Tables 2026: 1 Blaby rows, 35 total rows

Generating HTML files...
    Leicester table: 82 rows x 23 cols
    Detected 2 column group(s) starting at columns: [0, 12]
    Leicester parsed: 10 Blaby fixtures found
      29th April: Fosseway v Blaby (upcoming)
      6th May: Blaby v Birstall (upcoming)
      13th May: Blaby v Kingscroft (upcoming)
      20th May: Countesthorpe v Blaby (upcoming)
      27th May: Westcotes v Blaby (upcoming)
      10th June: Blaby v Fosseway (upcoming)
      24th June: Birstall v Blaby (upcoming)
      8th July: Kingscroft v Blaby (upcoming)
      22nd July: Blaby v Countesthorpe (upcoming)
      29th July: Blaby v Westcotes (upcoming)
    Leicester table: 82 rows x 23 cols
    Detected 2 column group(s) starting at columns: [0, 12]
    Leicester parsed: 10 Blaby fixtures found
      29th April: Fosseway v Blaby (upcoming)
      6th May: Blaby v Birstall (upcoming)
      13th May: Blaby v Kingscroft (upcoming)
      20th May: Countesthorpe v Blaby (upcoming)
      27th May: Westcotes v Blaby (upcoming)
      10th June: Blaby v Fosseway (upcoming)
      24th June: Birstall v Blaby (upcoming)
      8th July: Kingscroft v Blaby (upcoming)
      22nd July: Blaby v Countesthorpe (upcoming)
      29th July: Blaby v Westcotes (upcoming)
  Written: index.html
  Written: fixtures.html
  Written: results.html
  Written: table-hinckley-div1.html
  Written: table-hinckley-div4.html
  Written: table-south-leics.html
  Written: table-leicester.html

Pushing to GitHub Pages...
  Pushed to GitHub at 2026-04-20 09:47
  Telegram notification sent.

Done! Live at https://andygoodger-svg.github.io/blaby-bowls/
============================================================
